#
# There is insufficient memory for the Java Runtime Environment to continue.
# Native memory allocation (malloc) failed to allocate 1048576 bytes for AllocateHeap
# Possible reasons:
#   The system is out of physical RAM or swap space
#   The process is running with CompressedOops enabled, and the Java Heap may be blocking the growth of the native heap
# Possible solutions:
#   Reduce memory load on the system
#   Increase physical memory or swap space
#   Check if swap backing store is full
#   Decrease Java heap size (-Xmx/-Xms)
#   Decrease number of Java threads
#   Decrease Java thread stack sizes (-Xss)
#   Set larger code cache with -XX:ReservedCodeCacheSize=
#   JVM is running with Unscaled Compressed Oops mode in which the Java heap is
#     placed in the first 4GB address space. The Java Heap base address is the
#     maximum limit for the native heap growth. Please use -XX:HeapBaseMinAddress
#     to set the Java Heap base and to place the Java Heap above 4GB virtual address.
# This output file may be truncated or incomplete.
#
#  Out of Memory Error (memory/allocation.inline.hpp:61), pid=7552, tid=0x00000000000033a4
#
# JRE version:  (8.0_221-b11) (build )
# Java VM: Java HotSpot(TM) 64-Bit Server VM (25.221-b11 mixed mode windows-amd64 compressed oops)
# Failed to write core dump. Minidumps are not enabled by default on client versions of Windows
#

---------------  T H R E A D  ---------------

Current thread (0x00000000033cd800):  JavaThread "Unknown thread" [_thread_in_vm, id=13220, stack(0x00000000031d0000,0x00000000032d0000)]

Stack: [0x00000000031d0000,0x00000000032d0000]
[error occurred during error reporting (printing stack bounds), id 0xc0000005]

Native frames: (J=compiled Java code, j=interpreted, Vv=VM code, C=native code)


---------------  P R O C E S S  ---------------

Java Threads: ( => current thread )

Other Threads:

=>0x00000000033cd800 (exited) JavaThread "Unknown thread" [_thread_in_vm, id=13220, stack(0x00000000031d0000,0x00000000032d0000)]

VM state:not at safepoint (normal execution)

VM Mutex/Monitor currently owned by a thread: None

heap address: 0x00000000c2400000, size: 988 MB, Compressed Oops mode: 32-bit
Narrow klass base: 0x0000000000000000, Narrow klass shift: 3
Compressed class space size: 1073741824 Address: 0x0000000100000000

Heap:
 PSYoungGen      total 18432K, used 317K [0x00000000eb700000, 0x00000000ecb80000, 0x0000000100000000)
  eden space 15872K, 2% used [0x00000000eb700000,0x00000000eb74f5d0,0x00000000ec680000)
  from space 2560K, 0% used [0x00000000ec900000,0x00000000ec900000,0x00000000ecb80000)
  to   space 2560K, 0% used [0x00000000ec680000,0x00000000ec680000,0x00000000ec900000)
 ParOldGen       total 42496K, used 0K [0x00000000c2400000, 0x00000000c4d80000, 0x00000000eb700000)
  object space 42496K, 0% used [0x00000000c2400000,0x00000000c2400000,0x00000000c4d80000)
 Metaspace       used 776K, capacity 4480K, committed 4480K, reserved 1056768K
  class space    used 76K, capacity 384K, committed 384K, reserved 1048576K

Card table byte_map: [0x0000000012890000,0x0000000012a80000] byte_map_base: 0x000000001227e000

Marking Bits: (ParMarkBitMap*) 0x000000006cfc5ce0
 Begin Bits: [0x00000000133d0000, 0x0000000014340000)
 End Bits:   [0x0000000014340000, 0x00000000152b0000)

Polling page: 0x0000000001470000

CodeCache: size=245760Kb used=328Kb max_used=328Kb free=245431Kb
 bounds [0x00000000034d0000, 0x0000000003740000, 0x00000000124d0000]
 total_blobs=58 nmethods=0 adapters=38
 compilation: enabled

Compilation events (0 events):
No events

GC Heap History (0 events):
No events

Deoptimization events (0 events):
No events

Classes redefined (0 events):
No events

Internal exceptions (0 events):
No events

Events (10 events):
Event: 0.017 loading class java/lang/Short
Event: 0.017 loading class java/lang/Short done
Event: 0.017 loading class java/lang/Integer
Event: 0.017 loading class java/lang/Integer done
Event: 0.017 loading class java/lang/Long
Event: 0.017 loading class java/lang/Long done
Event: 0.017 loading class java/lang/NullPointerException
Event: 0.017 loading class java/lang/NullPointerException done
Event: 0.017 loading class java/lang/ArithmeticException
Event: 0.017 loading class java/lang/ArithmeticException done


Dynamic libraries:
0x00007ff695800000 - 0x00007ff695837000 	C:\Program Files\Java\jdk1.8.0_221\bin\java.exe
0x00007ffe17110000 - 0x00007ffe172fd000 	C:\Windows\SYSTEM32\ntdll.dll
0x00007ffe17020000 - 0x00007ffe170d3000 	C:\Windows\System32\KERNEL32.DLL
0x00007ffe13560000 - 0x00007ffe137f3000 	C:\Windows\System32\KERNELBASE.dll
0x00007ffe14880000 - 0x00007ffe14923000 	C:\Windows\System32\ADVAPI32.dll
0x00007ffe14930000 - 0x00007ffe149ce000 	C:\Windows\System32\msvcrt.dll
0x00007ffe147e0000 - 0x00007ffe1487e000 	C:\Windows\System32\sechost.dll
0x00007ffe150b0000 - 0x00007ffe151d2000 	C:\Windows\System32\RPCRT4.dll
0x00007ffe14be0000 - 0x00007ffe14d77000 	C:\Windows\System32\USER32.dll
0x00007ffe13980000 - 0x00007ffe139a0000 	C:\Windows\System32\win32u.dll
0x00007ffe15a70000 - 0x00007ffe15a99000 	C:\Windows\System32\GDI32.dll
0x00007ffe139c0000 - 0x00007ffe13b59000 	C:\Windows\System32\gdi32full.dll
0x00007ffe134c0000 - 0x00007ffe13560000 	C:\Windows\System32\msvcp_win.dll
0x00007ffe13880000 - 0x00007ffe1397a000 	C:\Windows\System32\ucrtbase.dll
0x00007ffdfe8b0000 - 0x00007ffdfeb29000 	C:\Windows\WinSxS\amd64_microsoft.windows.common-controls_6595b64144ccf1df_6.0.17763.737_none_05b6437c071e554b\COMCTL32.dll
0x00007ffe14440000 - 0x00007ffe1476c000 	C:\Windows\System32\combase.dll
0x00007ffe13b60000 - 0x00007ffe13bde000 	C:\Windows\System32\bcryptPrimitives.dll
0x00007ffe14330000 - 0x00007ffe1435e000 	C:\Windows\System32\IMM32.DLL
0x000000006c6c0000 - 0x000000006c792000 	C:\Program Files\Java\jdk1.8.0_221\jre\bin\msvcr100.dll
0x000000006c7a0000 - 0x000000006d045000 	C:\Program Files\Java\jdk1.8.0_221\jre\bin\server\jvm.dll
0x00007ffe14770000 - 0x00007ffe14778000 	C:\Windows\System32\PSAPI.DLL
0x00007ffe0eea0000 - 0x00007ffe0eec4000 	C:\Windows\SYSTEM32\WINMM.dll
0x00007ffdfa070000 - 0x00007ffdfa079000 	C:\Windows\SYSTEM32\WSOCK32.dll
0x00007ffe07380000 - 0x00007ffe0738a000 	C:\Windows\SYSTEM32\VERSION.dll
0x00007ffe15040000 - 0x00007ffe150ad000 	C:\Windows\System32\WS2_32.dll
0x00007ffe0ee70000 - 0x00007ffe0ee9d000 	C:\Windows\SYSTEM32\WINMMBASE.dll
0x00007ffe13830000 - 0x00007ffe1387a000 	C:\Windows\System32\cfgmgr32.dll
0x00007ffe10a10000 - 0x00007ffe10a1f000 	C:\Program Files\Java\jdk1.8.0_221\jre\bin\verify.dll
0x00007ffe08160000 - 0x00007ffe08189000 	C:\Program Files\Java\jdk1.8.0_221\jre\bin\java.dll
0x00007ffe0ef70000 - 0x00007ffe0ef86000 	C:\Program Files\Java\jdk1.8.0_221\jre\bin\zip.dll

VM Arguments:
jvm_args: -Dfile.encoding=UTF-8 
java_command: chuong2.Main
java_class_path (initial): C:\Users\ASUS\Documents\NetBeansProjects\JavaApplication1\build\classes
Launcher Type: SUN_STANDARD

Environment Variables:
PATH=C:\Program Files (x86)\Common Files\Oracle\Java\javapath;C:\Windows\system32;C:\Windows;C:\Windows\System32\Wbem;C:\Windows\System32\WindowsPowerShell\v1.0\;C:\Windows\System32\OpenSSH\;C:\Program Files (x86)\NVIDIA Corporation\PhysX\Common;C:\Program Files\Intel\WiFi\bin\;C:\Program Files\Common Files\Intel\WirelessCommon\;C:\Program Files (x86)\Java\jdk\bin;C:\Users\ASUS\AppData\Local\Microsoft\WindowsApps;
USERNAME=ASUS
OS=Windows_NT
PROCESSOR_IDENTIFIER=Intel64 Family 6 Model 142 Stepping 11, GenuineIntel



---------------  S Y S T E M  ---------------

OS: Windows 10.0 , 64 bit Build 17763 (10.0.17763.475)

CPU:total 8 (initial active 8) (4 cores per cpu, 2 threads per core) family 6 model 142 stepping 11, cmov, cx8, fxsr, mmx, sse, sse2, sse3, ssse3, sse4.1, sse4.2, popcnt, avx, avx2, aes, clmul, erms, 3dnowpref, lzcnt, ht, tsc, tscinvbit, bmi1, bmi2, adx

Memory: 4k page, physical 4042184k(685000k free), swap 6139336k(5544k free)

vm_info: Java HotSpot(TM) 64-Bit Server VM (25.221-b11) for windows-amd64 JRE (1.8.0_221-b11), built on Jul  4 2019 04:39:29 by "java_re" with MS VC++ 10.0 (VS2010)

time: Mon Oct 07 22:00:57 2019
timezone: SE Asia Standard Time
elapsed time: 0 seconds (0d 0h 0m 0s)

